mode: set
github.com/gabrielksneiva/blockchains-utils/repositories/bitcoin.go:14.102,16.2 1 1
github.com/gabrielksneiva/blockchains-utils/repositories/bitcoin.go:18.64,20.2 1 1
github.com/gabrielksneiva/blockchains-utils/repositories/common.go:19.55,21.2 1 1
github.com/gabrielksneiva/blockchains-utils/repositories/common.go:23.96,25.2 1 1
github.com/gabrielksneiva/blockchains-utils/repositories/common.go:27.149,40.2 5 1
github.com/gabrielksneiva/blockchains-utils/repositories/common.go:42.108,44.16 2 1
github.com/gabrielksneiva/blockchains-utils/repositories/common.go:44.16,46.3 1 1
github.com/gabrielksneiva/blockchains-utils/repositories/common.go:47.2,47.30 1 1
github.com/gabrielksneiva/blockchains-utils/repositories/common.go:50.107,52.16 2 1
github.com/gabrielksneiva/blockchains-utils/repositories/common.go:52.16,54.3 1 1
github.com/gabrielksneiva/blockchains-utils/repositories/common.go:55.2,55.23 1 1
github.com/gabrielksneiva/blockchains-utils/repositories/common.go:58.104,60.2 1 1
github.com/gabrielksneiva/blockchains-utils/repositories/common.go:62.78,64.2 1 1
github.com/gabrielksneiva/blockchains-utils/repositories/common.go:66.81,69.12 3 1
github.com/gabrielksneiva/blockchains-utils/repositories/common.go:69.12,71.7 2 1
github.com/gabrielksneiva/blockchains-utils/repositories/common.go:71.7,72.11 1 1
github.com/gabrielksneiva/blockchains-utils/repositories/common.go:73.22,74.11 1 1
github.com/gabrielksneiva/blockchains-utils/repositories/common.go:75.23,76.12 1 1
github.com/gabrielksneiva/blockchains-utils/repositories/common.go:76.12,78.6 1 0
github.com/gabrielksneiva/blockchains-utils/repositories/common.go:79.5,79.13 1 1
github.com/gabrielksneiva/blockchains-utils/repositories/common.go:83.2,83.17 1 1
github.com/gabrielksneiva/blockchains-utils/repositories/ethereum.go:14.104,16.2 1 1
github.com/gabrielksneiva/blockchains-utils/repositories/ethereum.go:18.65,20.2 1 1
github.com/gabrielksneiva/blockchains-utils/repositories/more_tests.go:13.54,26.73 10 0
github.com/gabrielksneiva/blockchains-utils/repositories/more_tests.go:26.73,28.3 1 0
github.com/gabrielksneiva/blockchains-utils/repositories/more_tests.go:31.2,31.84 1 0
github.com/gabrielksneiva/blockchains-utils/repositories/more_tests.go:31.85,32.3 0 0
github.com/gabrielksneiva/blockchains-utils/repositories/more_tests.go:35.48,47.62 11 0
github.com/gabrielksneiva/blockchains-utils/repositories/more_tests.go:47.62,49.3 1 0
github.com/gabrielksneiva/blockchains-utils/repositories/solana.go:14.100,16.2 1 1
github.com/gabrielksneiva/blockchains-utils/repositories/solana.go:18.63,20.2 1 1
github.com/gabrielksneiva/blockchains-utils/repositories/tron.go:14.96,16.2 1 1
github.com/gabrielksneiva/blockchains-utils/repositories/tron.go:18.61,20.2 1 1
